2022-05-31 12:18:49,147 INFO: Five letters app startup [in /Users/dmitriy/Code/tinkoff_5_letter_word/app/__init__.py:28]
2022-05-31 16:06:06,620 INFO: Five letters app startup [in /Users/dmitriy/Code/tinkoff_5_letter_word/app/__init__.py:28]
2022-05-31 16:19:08,660 INFO: Five letters app startup [in /Users/dmitriy/Code/tinkoff_5_letter_word/app/__init__.py:28]
2022-05-31 16:19:50,465 INFO: Five letters app startup [in /Users/dmitriy/Code/tinkoff_5_letter_word/app/__init__.py:28]
2022-05-31 16:21:33,695 INFO: Five letters app startup [in /Users/dmitriy/Code/tinkoff_5_letter_word/app/__init__.py:28]
2022-05-31 16:23:41,683 INFO: Five letters app startup [in /Users/dmitriy/Code/tinkoff_5_letter_word/app/__init__.py:28]
2022-05-31 16:31:52,104 INFO: Five letters app startup [in /Users/dmitriy/Code/tinkoff_5_letter_word/app/__init__.py:28]
2022-05-31 16:32:48,789 INFO: Five letters app startup [in /Users/dmitriy/Code/tinkoff_5_letter_word/app/__init__.py:28]
2022-05-31 16:34:54,904 INFO: Five letters app startup [in /Users/dmitriy/Code/tinkoff_5_letter_word/app/__init__.py:28]
2022-05-31 16:36:06,577 INFO: Five letters app startup [in /Users/dmitriy/Code/tinkoff_5_letter_word/app/__init__.py:28]
2022-05-31 16:36:48,372 INFO: Five letters app startup [in /Users/dmitriy/Code/tinkoff_5_letter_word/app/__init__.py:28]
2022-05-31 16:39:04,795 INFO: Five letters app startup [in /Users/dmitriy/Code/tinkoff_5_letter_word/app/__init__.py:28]
2022-05-31 16:40:59,877 INFO: Five letters app startup [in /Users/dmitriy/Code/tinkoff_5_letter_word/app/__init__.py:28]
2022-05-31 16:41:57,349 INFO: Five letters app startup [in /Users/dmitriy/Code/tinkoff_5_letter_word/app/__init__.py:28]
2022-05-31 17:04:42,337 INFO: Five letters app startup [in /Users/dmitriy/Code/tinkoff_5_letter_word/app/__init__.py:28]
2022-05-31 17:05:49,633 INFO: Five letters app startup [in /Users/dmitriy/Code/tinkoff_5_letter_word/app/__init__.py:28]
2022-05-31 17:14:42,796 INFO: Five letters app startup [in /Users/dmitriy/Code/tinkoff_5_letter_word/app/__init__.py:28]
2022-05-31 17:16:23,953 INFO: Five letters app startup [in /Users/dmitriy/Code/tinkoff_5_letter_word/app/__init__.py:28]
2022-05-31 17:18:34,360 INFO: Five letters app startup [in /Users/dmitriy/Code/tinkoff_5_letter_word/app/__init__.py:28]
2022-05-31 17:22:23,720 INFO: Five letters app startup [in /Users/dmitriy/Code/tinkoff_5_letter_word/app/__init__.py:28]
2022-05-31 17:25:01,821 INFO: Five letters app startup [in /Users/dmitriy/Code/tinkoff_5_letter_word/app/__init__.py:28]
2022-05-31 17:26:52,095 INFO: Five letters app startup [in /Users/dmitriy/Code/tinkoff_5_letter_word/app/__init__.py:28]
2022-05-31 17:33:01,189 INFO: Five letters app startup [in /Users/dmitriy/Code/tinkoff_5_letter_word/app/__init__.py:28]
2022-05-31 17:37:49,859 INFO: Five letters app startup [in /Users/dmitriy/Code/tinkoff_5_letter_word/app/__init__.py:28]
2022-05-31 17:40:30,955 INFO: Five letters app startup [in /Users/dmitriy/Code/tinkoff_5_letter_word/app/__init__.py:28]
2022-05-31 17:46:02,088 INFO: Five letters app startup [in /Users/dmitriy/Code/tinkoff_5_letter_word/app/__init__.py:28]
2022-05-31 17:46:26,359 INFO: Five letters app startup [in /Users/dmitriy/Code/tinkoff_5_letter_word/app/__init__.py:28]
2022-05-31 17:47:12,510 INFO: Five letters app startup [in /Users/dmitriy/Code/tinkoff_5_letter_word/app/__init__.py:28]
2022-05-31 17:54:17,744 INFO: Five letters app startup [in /Users/dmitriy/Code/tinkoff_5_letter_word/app/__init__.py:28]
2022-05-31 17:54:50,432 INFO: Five letters app startup [in /Users/dmitriy/Code/tinkoff_5_letter_word/app/__init__.py:28]
2022-05-31 17:55:50,579 INFO: Five letters app startup [in /Users/dmitriy/Code/tinkoff_5_letter_word/app/__init__.py:28]
2022-05-31 17:56:10,418 INFO: Five letters app startup [in /Users/dmitriy/Code/tinkoff_5_letter_word/app/__init__.py:28]
2022-05-31 17:56:24,949 INFO: Five letters app startup [in /Users/dmitriy/Code/tinkoff_5_letter_word/app/__init__.py:28]
2022-05-31 21:41:20,310 INFO: Five letters app startup [in /Users/dmitriy/Code/tinkoff_5_letter_word/app/__init__.py:28]
2022-06-01 14:11:44,106 INFO: Five letters app startup [in /Users/dmitriy/Code/tinkoff_5_letter_word/app/__init__.py:28]
2022-06-01 14:25:36,435 INFO: Five letters app startup [in /Users/dmitriy/Code/tinkoff_5_letter_word/app/__init__.py:28]
2022-06-01 14:31:03,161 INFO: Five letters app startup [in /Users/dmitriy/Code/tinkoff_5_letter_word/app/__init__.py:28]
2022-06-01 14:32:26,948 INFO: Five letters app startup [in /Users/dmitriy/Code/tinkoff_5_letter_word/app/__init__.py:28]
2022-06-01 14:32:59,752 INFO: Five letters app startup [in /Users/dmitriy/Code/tinkoff_5_letter_word/app/__init__.py:28]
2022-06-01 14:34:03,808 INFO: Five letters app startup [in /Users/dmitriy/Code/tinkoff_5_letter_word/app/__init__.py:28]
2022-06-01 14:35:17,456 INFO: Five letters app startup [in /Users/dmitriy/Code/tinkoff_5_letter_word/app/__init__.py:28]
2022-06-01 16:18:34,543 INFO: Five letters app startup [in /Users/dmitriy/Code/tinkoff_5_letter_word/app/__init__.py:28]
2022-06-01 16:25:27,004 INFO: Five letters app startup [in /Users/dmitriy/Code/tinkoff_5_letter_word/app/__init__.py:28]
2022-06-01 16:30:06,559 INFO: Five letters app startup [in /Users/dmitriy/Code/tinkoff_5_letter_word/app/__init__.py:28]
2022-06-01 16:30:28,484 ERROR: Exception on /word [POST] [in /Users/dmitriy/Code/tinkoff_5_letter_word/env/lib/python3.8/site-packages/flask/app.py:1455]
Traceback (most recent call last):
  File "/Users/dmitriy/Code/tinkoff_5_letter_word/env/lib/python3.8/site-packages/flask/app.py", line 2077, in wsgi_app
    response = self.full_dispatch_request()
  File "/Users/dmitriy/Code/tinkoff_5_letter_word/env/lib/python3.8/site-packages/flask/app.py", line 1525, in full_dispatch_request
    rv = self.handle_user_exception(e)
  File "/Users/dmitriy/Code/tinkoff_5_letter_word/env/lib/python3.8/site-packages/flask/app.py", line 1523, in full_dispatch_request
    rv = self.dispatch_request()
  File "/Users/dmitriy/Code/tinkoff_5_letter_word/env/lib/python3.8/site-packages/flask/app.py", line 1509, in dispatch_request
    return self.ensure_sync(self.view_functions[rule.endpoint])(**req.view_args)
  File "/Users/dmitriy/Code/tinkoff_5_letter_word/app/routes.py", line 84, in add_word
    return(output.json_obj())
  File "/Users/dmitriy/Code/tinkoff_5_letter_word/app/models.py", line 58, in json_obj
    "id": self.author.id,
AttributeError: 'NoneType' object has no attribute 'id'
2022-06-01 16:31:30,958 INFO: Five letters app startup [in /Users/dmitriy/Code/tinkoff_5_letter_word/app/__init__.py:28]
2022-06-01 16:33:37,894 INFO: Five letters app startup [in /Users/dmitriy/Code/tinkoff_5_letter_word/app/__init__.py:28]
2022-06-01 16:37:26,584 INFO: Five letters app startup [in /Users/dmitriy/Code/tinkoff_5_letter_word/app/__init__.py:28]
2022-06-01 16:41:06,143 INFO: Five letters app startup [in /Users/dmitriy/Code/tinkoff_5_letter_word/app/__init__.py:28]
2022-06-01 16:59:31,943 INFO: Five letters app startup [in /Users/dmitriy/Code/tinkoff_5_letter_word/app/__init__.py:28]
2022-06-01 17:04:52,865 INFO: Five letters app startup [in /Users/dmitriy/Code/tinkoff_5_letter_word/app/__init__.py:28]
2022-06-01 17:17:56,355 INFO: Five letters app startup [in /Users/dmitriy/Code/tinkoff_5_letter_word/app/__init__.py:28]
2022-06-01 17:22:20,310 INFO: Five letters app startup [in /Users/dmitriy/Code/tinkoff_5_letter_word/app/__init__.py:28]
2022-06-01 17:31:16,757 INFO: Five letters app startup [in /Users/dmitriy/Code/tinkoff_5_letter_word/app/__init__.py:28]
2022-06-01 17:32:49,262 INFO: Five letters app startup [in /Users/dmitriy/Code/tinkoff_5_letter_word/app/__init__.py:28]
2022-06-01 17:41:08,739 INFO: Five letters app startup [in /Users/dmitriy/Code/tinkoff_5_letter_word/app/__init__.py:28]
2022-06-01 17:51:56,641 INFO: Five letters app startup [in /Users/dmitriy/Code/tinkoff_5_letter_word/app/__init__.py:28]
2022-06-01 17:56:46,719 INFO: Five letters app startup [in /Users/dmitriy/Code/tinkoff_5_letter_word/app/__init__.py:28]
2022-06-02 21:00:52,891 INFO: Five letters app startup [in /Users/dmitriy/Code/tinkoff_5_letter_word/app/__init__.py:28]
2022-06-02 21:12:25,303 INFO: Five letters app startup [in /Users/dmitriy/Code/tinkoff_5_letter_word/app/__init__.py:28]
2022-06-02 21:17:31,662 INFO: Five letters app startup [in /Users/dmitriy/Code/tinkoff_5_letter_word/app/__init__.py:28]
2022-06-02 21:30:24,095 INFO: Five letters app startup [in /Users/dmitriy/Code/tinkoff_5_letter_word/app/__init__.py:28]
2022-06-02 21:30:40,137 INFO: Five letters app startup [in /Users/dmitriy/Code/tinkoff_5_letter_word/app/__init__.py:28]
2022-06-02 21:34:39,009 INFO: Five letters app startup [in /Users/dmitriy/Code/tinkoff_5_letter_word/app/__init__.py:28]
2022-06-02 21:39:14,131 INFO: Five letters app startup [in /Users/dmitriy/Code/tinkoff_5_letter_word/app/__init__.py:28]
2022-06-02 21:39:35,324 INFO: Five letters app startup [in /Users/dmitriy/Code/tinkoff_5_letter_word/app/__init__.py:28]
2022-06-02 21:40:30,809 INFO: Five letters app startup [in /Users/dmitriy/Code/tinkoff_5_letter_word/app/__init__.py:28]
2022-06-02 21:48:36,145 INFO: Five letters app startup [in /Users/dmitriy/Code/tinkoff_5_letter_word/app/__init__.py:28]
2022-06-02 21:49:01,070 INFO: Five letters app startup [in /Users/dmitriy/Code/tinkoff_5_letter_word/app/__init__.py:28]
2022-06-02 21:55:09,470 INFO: Five letters app startup [in /Users/dmitriy/Code/tinkoff_5_letter_word/app/__init__.py:28]
2022-06-09 16:54:22,905 INFO: Five letters app startup [in /Users/dmitriy/Code/tinkoff_5_letter_word/app/__init__.py:28]
2022-06-10 10:08:45,118 INFO: Five letters app startup [in /Users/dmitriy/Code/tinkoff_5_letter_word/app/__init__.py:28]
